<?xml version="1.0" encoding="UTF-8"?>
<!-- Generated by org.testng.reporters.JUnitReportReporter -->
<testsuite hostname="DESKTOP-FG9S1KG" failures="0" tests="2" name="MyLearning.ErrorValidationsTest" time="37.514" errors="0" timestamp="2024-12-15T10:47:40 IST" skipped="0">
  <testcase classname="MyLearning.ErrorValidationsTest" name="ProductNameValidation" time="31.944"/>
  <system-out/>
  <testcase classname="MyLearning.ErrorValidationsTest" name="LoginErrorValidation" time="5.570"/>
  <system-out/>
</testsuite> <!-- MyLearning.ErrorValidationsTest -->
