<?xml version="1.0" encoding="UTF-8"?>
<!-- Generated by org.testng.reporters.JUnitReportReporter -->
<testsuite hostname="DESKTOP-FG9S1KG" failures="0" tests="2" name="MyLearning.SubmitOrderTest" time="58.543" errors="0" timestamp="2024-12-17T20:41:30 IST" skipped="0">
  <testcase classname="MyLearning.SubmitOrderTest" name="SubmitOrder" time="33.375"/>
  <system-out/>
  <testcase classname="MyLearning.SubmitOrderTest" name="SubmitOrder" time="25.168"/>
  <system-out/>
</testsuite> <!-- MyLearning.SubmitOrderTest -->
