<?xml version="1.0" encoding="UTF-8"?>
<!-- Generated by org.testng.reporters.JUnitReportReporter -->
<testsuite hostname="DESKTOP-FG9S1KG" failures="0" tests="1" name="MyLearning.ErrorValidations" time="10.940" errors="0" timestamp="2024-11-30T21:48:43 IST" skipped="0">
  <testcase classname="MyLearning.ErrorValidations" name="SubmitOrder" time="10.940"/>
  <system-out/>
</testsuite> <!-- MyLearning.ErrorValidations -->
